[debug] [2021-03-23T17:15:57.366Z] ----------------------------------------------------------------------
[debug] [2021-03-23T17:15:57.368Z] Command:       /usr/local/bin/node /usr/local/bin/firebase emulators:start
[debug] [2021-03-23T17:15:57.368Z] CLI Version:   9.6.1
[debug] [2021-03-23T17:15:57.368Z] Platform:      darwin
[debug] [2021-03-23T17:15:57.368Z] Node Version:  v12.18.3
[debug] [2021-03-23T17:15:57.369Z] Time:          Tue Mar 23 2021 18:15:57 GMT+0100 (GMT+01:00)
[debug] [2021-03-23T17:15:57.369Z] ----------------------------------------------------------------------
[debug] [2021-03-23T17:15:57.369Z] 
[debug] [2021-03-23T17:15:57.376Z] > command requires scopes: ["email","openid","https://www.googleapis.com/auth/cloudplatformprojects.readonly","https://www.googleapis.com/auth/firebase","https://www.googleapis.com/auth/cloud-platform"]
[debug] [2021-03-23T17:15:57.377Z] > authorizing via signed-in user
[info] i  emulators: Starting emulators: functions {"metadata":{"emulator":{"name":"hub"},"message":"Starting emulators: functions"}}
[debug] [2021-03-23T17:15:57.390Z] [hub] writing locator at /var/folders/hd/4z8rhm0d6_x9swk03swc425h0000gp/T/hub-clone-71182.json
[warn] ⚠  functions: The following emulators are not running, calls to these services from the Functions emulator will affect production: auth, firestore, database, hosting, pubsub {"metadata":{"emulator":{"name":"functions"},"message":"The following emulators are not running, calls to these services from the Functions emulator will affect production: \u001b[1mauth, firestore, database, hosting, pubsub\u001b[22m"}}
[info] ✔  functions: Using node@12 from host. {"metadata":{"emulator":{"name":"functions"},"message":"Using node@12 from host."}}
[debug] [2021-03-23T17:15:57.414Z] defaultcredentials: writing to file /Users/Yoda/.config/firebase/jerry_frederic.l_gmail.com_application_default_credentials.json
[debug] [2021-03-23T17:15:57.416Z] Setting GAC to /Users/Yoda/.config/firebase/jerry_frederic.l_gmail.com_application_default_credentials.json {"metadata":{"emulator":{"name":"functions"},"message":"Setting GAC to /Users/Yoda/.config/firebase/jerry_frederic.l_gmail.com_application_default_credentials.json"}}
[debug] [2021-03-23T17:15:57.418Z] >>> [apiv2][query] GET https://firebase.googleapis.com/v1beta1/projects/clone-71182/adminSdkConfig [none]
[debug] [2021-03-23T17:15:57.708Z] <<< [apiv2][status] GET https://firebase.googleapis.com/v1beta1/projects/clone-71182/adminSdkConfig 200
[debug] [2021-03-23T17:15:57.708Z] <<< [apiv2][body] GET https://firebase.googleapis.com/v1beta1/projects/clone-71182/adminSdkConfig {"projectId":"clone-71182","storageBucket":"clone-71182.appspot.com"}
[warn] ⚠  ui: Emulator UI unable to start on port 4000, starting on 4001 instead. {"metadata":{"emulator":{"name":"ui"},"message":"Emulator UI unable to start on port 4000, starting on 4001 instead."}}
[debug] [2021-03-23T17:15:58.019Z] Ignoring unsupported arg: auto_download {"metadata":{"emulator":{"name":"ui"},"message":"Ignoring unsupported arg: auto_download"}}
[debug] [2021-03-23T17:15:58.019Z] Ignoring unsupported arg: port {"metadata":{"emulator":{"name":"ui"},"message":"Ignoring unsupported arg: port"}}
[debug] [2021-03-23T17:15:58.020Z] Starting Emulator UI with command {"binary":"node","args":["/Users/Yoda/.cache/firebase/emulators/ui-v1.4.2/server.bundle.js"],"optionalArgs":[],"joinArgs":false} {"metadata":{"emulator":{"name":"ui"},"message":"Starting Emulator UI with command {\"binary\":\"node\",\"args\":[\"/Users/Yoda/.cache/firebase/emulators/ui-v1.4.2/server.bundle.js\"],\"optionalArgs\":[],\"joinArgs\":false}"}}
[info] i  ui: Emulator UI logging to ui-debug.log {"metadata":{"emulator":{"name":"ui"},"message":"Emulator UI logging to \u001b[1mui-debug.log\u001b[22m"}}
[debug] [2021-03-23T17:15:58.112Z] Web / API server started at http://localhost:4001
 {"metadata":{"emulator":{"name":"ui"},"message":"Web / API server started at http://localhost:4001\n"}}
[info] i  functions: Watching "/Applications/Ampps/www/FullStack/Projects/amazon-clone/functions" for Cloud Functions... {"metadata":{"emulator":{"name":"functions"},"message":"Watching \"/Applications/Ampps/www/FullStack/Projects/amazon-clone/functions\" for Cloud Functions..."}}
[debug] [2021-03-23T17:15:58.295Z] [worker-pool] addWorker(~diagnostic~) {"metadata":{"emulator":{"name":"functions"},"message":"[worker-pool] addWorker(~diagnostic~)"}}
[debug] [2021-03-23T17:15:58.295Z] [worker-pool] Adding worker with key ~diagnostic~, total=1 {"metadata":{"emulator":{"name":"functions"},"message":"[worker-pool] Adding worker with key ~diagnostic~, total=1"}}
[debug] [2021-03-23T17:15:58.295Z] [worker-pool] submitWork(triggerId=) {"metadata":{"emulator":{"name":"functions"},"message":"[worker-pool] submitWork(triggerId=)"}}
[debug] [2021-03-23T17:15:58.296Z] [worker-~diagnostic~-81807898-5e2b-4d56-be78-6daec6eeaf74]: Assigning socketPath: /var/folders/hd/4z8rhm0d6_x9swk03swc425h0000gp/T/fire_emu_1577.sock {"metadata":{"emulator":{"name":"functions"},"message":"[worker-~diagnostic~-81807898-5e2b-4d56-be78-6daec6eeaf74]: Assigning socketPath: /var/folders/hd/4z8rhm0d6_x9swk03swc425h0000gp/T/fire_emu_1577.sock"}}
[debug] [2021-03-23T17:15:58.296Z] [worker-~diagnostic~-81807898-5e2b-4d56-be78-6daec6eeaf74]: BUSY {"metadata":{"emulator":{"name":"functions"},"message":"[worker-~diagnostic~-81807898-5e2b-4d56-be78-6daec6eeaf74]: BUSY"}}
[debug] [2021-03-23T17:15:58.417Z] [runtime-status] [1577] Functions runtime initialized. {"cwd":"/Applications/Ampps/www/FullStack/Projects/amazon-clone/functions","node_version":"12.18.3"} {"metadata":{"emulator":{"name":"functions"},"message":"[runtime-status] [1577] Functions runtime initialized. {\"cwd\":\"/Applications/Ampps/www/FullStack/Projects/amazon-clone/functions\",\"node_version\":\"12.18.3\"}"}}
[debug] [2021-03-23T17:15:58.418Z] [runtime-status] [1577] Disabled runtime features: undefined {"metadata":{"emulator":{"name":"functions"},"message":"[runtime-status] [1577] Disabled runtime features: undefined"}}
[debug] [2021-03-23T17:15:58.422Z] [runtime-status] [1577] Resolved module firebase-admin {"declared":true,"installed":true,"version":"9.5.0","resolution":"/Applications/Ampps/www/FullStack/Projects/amazon-clone/functions/node_modules/firebase-admin/lib/index.js"} {"metadata":{"emulator":{"name":"functions"},"message":"[runtime-status] [1577] Resolved module firebase-admin {\"declared\":true,\"installed\":true,\"version\":\"9.5.0\",\"resolution\":\"/Applications/Ampps/www/FullStack/Projects/amazon-clone/functions/node_modules/firebase-admin/lib/index.js\"}"}}
[debug] [2021-03-23T17:15:58.425Z] [runtime-status] [1577] Resolved module firebase-functions {"declared":true,"installed":true,"version":"3.13.2","resolution":"/Applications/Ampps/www/FullStack/Projects/amazon-clone/functions/node_modules/firebase-functions/lib/index.js"} {"metadata":{"emulator":{"name":"functions"},"message":"[runtime-status] [1577] Resolved module firebase-functions {\"declared\":true,\"installed\":true,\"version\":\"3.13.2\",\"resolution\":\"/Applications/Ampps/www/FullStack/Projects/amazon-clone/functions/node_modules/firebase-functions/lib/index.js\"}"}}
[debug] [2021-03-23T17:15:58.425Z] [runtime-status] [1577] Resolved module firebase-functions {"declared":true,"installed":true,"version":"3.13.2","resolution":"/Applications/Ampps/www/FullStack/Projects/amazon-clone/functions/node_modules/firebase-functions/lib/index.js"} {"metadata":{"emulator":{"name":"functions"},"message":"[runtime-status] [1577] Resolved module firebase-functions {\"declared\":true,\"installed\":true,\"version\":\"3.13.2\",\"resolution\":\"/Applications/Ampps/www/FullStack/Projects/amazon-clone/functions/node_modules/firebase-functions/lib/index.js\"}"}}
[debug] [2021-03-23T17:15:58.427Z] [runtime-status] [1577] Outgoing network have been stubbed. [{"name":"http","status":"mocked"},{"name":"http","status":"mocked"},{"name":"https","status":"mocked"},{"name":"https","status":"mocked"},{"name":"net","status":"mocked"}] {"metadata":{"emulator":{"name":"functions"},"message":"[runtime-status] [1577] Outgoing network have been stubbed. [{\"name\":\"http\",\"status\":\"mocked\"},{\"name\":\"http\",\"status\":\"mocked\"},{\"name\":\"https\",\"status\":\"mocked\"},{\"name\":\"https\",\"status\":\"mocked\"},{\"name\":\"net\",\"status\":\"mocked\"}]"}}
[debug] [2021-03-23T17:15:58.427Z] [runtime-status] [1577] Resolved module firebase-functions {"declared":true,"installed":true,"version":"3.13.2","resolution":"/Applications/Ampps/www/FullStack/Projects/amazon-clone/functions/node_modules/firebase-functions/lib/index.js"} {"metadata":{"emulator":{"name":"functions"},"message":"[runtime-status] [1577] Resolved module firebase-functions {\"declared\":true,\"installed\":true,\"version\":\"3.13.2\",\"resolution\":\"/Applications/Ampps/www/FullStack/Projects/amazon-clone/functions/node_modules/firebase-functions/lib/index.js\"}"}}
[debug] [2021-03-23T17:15:58.504Z] [runtime-status] [1577] Checked functions.config() {"config":{}} {"metadata":{"emulator":{"name":"functions"},"message":"[runtime-status] [1577] Checked functions.config() {\"config\":{}}"}}
[debug] [2021-03-23T17:15:58.505Z] [runtime-status] [1577] firebase-functions has been stubbed. {"functionsResolution":{"declared":true,"installed":true,"version":"3.13.2","resolution":"/Applications/Ampps/www/FullStack/Projects/amazon-clone/functions/node_modules/firebase-functions/lib/index.js"}} {"metadata":{"emulator":{"name":"functions"},"message":"[runtime-status] [1577] firebase-functions has been stubbed. {\"functionsResolution\":{\"declared\":true,\"installed\":true,\"version\":\"3.13.2\",\"resolution\":\"/Applications/Ampps/www/FullStack/Projects/amazon-clone/functions/node_modules/firebase-functions/lib/index.js\"}}"}}
[debug] [2021-03-23T17:15:58.505Z] [runtime-status] [1577] Resolved module firebase-functions {"declared":true,"installed":true,"version":"3.13.2","resolution":"/Applications/Ampps/www/FullStack/Projects/amazon-clone/functions/node_modules/firebase-functions/lib/index.js"} {"metadata":{"emulator":{"name":"functions"},"message":"[runtime-status] [1577] Resolved module firebase-functions {\"declared\":true,\"installed\":true,\"version\":\"3.13.2\",\"resolution\":\"/Applications/Ampps/www/FullStack/Projects/amazon-clone/functions/node_modules/firebase-functions/lib/index.js\"}"}}
[debug] [2021-03-23T17:15:58.506Z] [runtime-status] [1577] Resolved module firebase-admin {"declared":true,"installed":true,"version":"9.5.0","resolution":"/Applications/Ampps/www/FullStack/Projects/amazon-clone/functions/node_modules/firebase-admin/lib/index.js"} {"metadata":{"emulator":{"name":"functions"},"message":"[runtime-status] [1577] Resolved module firebase-admin {\"declared\":true,\"installed\":true,\"version\":\"9.5.0\",\"resolution\":\"/Applications/Ampps/www/FullStack/Projects/amazon-clone/functions/node_modules/firebase-admin/lib/index.js\"}"}}
[debug] [2021-03-23T17:15:58.506Z] [runtime-status] [1577] Resolved module firebase-functions {"declared":true,"installed":true,"version":"3.13.2","resolution":"/Applications/Ampps/www/FullStack/Projects/amazon-clone/functions/node_modules/firebase-functions/lib/index.js"} {"metadata":{"emulator":{"name":"functions"},"message":"[runtime-status] [1577] Resolved module firebase-functions {\"declared\":true,\"installed\":true,\"version\":\"3.13.2\",\"resolution\":\"/Applications/Ampps/www/FullStack/Projects/amazon-clone/functions/node_modules/firebase-functions/lib/index.js\"}"}}
[debug] [2021-03-23T17:15:58.506Z] [runtime-status] [1577] firebase-admin has been stubbed. {"adminResolution":{"declared":true,"installed":true,"version":"9.5.0","resolution":"/Applications/Ampps/www/FullStack/Projects/amazon-clone/functions/node_modules/firebase-admin/lib/index.js"}} {"metadata":{"emulator":{"name":"functions"},"message":"[runtime-status] [1577] firebase-admin has been stubbed. {\"adminResolution\":{\"declared\":true,\"installed\":true,\"version\":\"9.5.0\",\"resolution\":\"/Applications/Ampps/www/FullStack/Projects/amazon-clone/functions/node_modules/firebase-admin/lib/index.js\"}}"}}
[warn] ⚠  Error: Cannot find module 'sk_test_51IY6UlC1XM3tYf8dm54ukQBn6rtqDybh4lDADB3AON9hq6BPHvvx9cFoI4jp8tpn3IjAngCqvrKWxRxD9c6FMVht00fdVxFjUZ'
Require stack:
- /Applications/Ampps/www/FullStack/Projects/amazon-clone/functions/index.js
- /usr/local/lib/node_modules/firebase-tools/lib/emulator/functionsEmulatorRuntime.js
    at Function.Module._resolveFilename (internal/modules/cjs/loader.js:965:15)
    at Function.Module._load (internal/modules/cjs/loader.js:841:27)
    at Module.require (internal/modules/cjs/loader.js:1025:19)
    at require (internal/modules/cjs/helpers.js:72:18)
    at Object.<anonymous> (/Applications/Ampps/www/FullStack/Projects/amazon-clone/functions/index.js:4:16)
    at Module._compile (internal/modules/cjs/loader.js:1137:30)
    at Object.Module._extensions..js (internal/modules/cjs/loader.js:1157:10)
    at Module.load (internal/modules/cjs/loader.js:985:32)
    at Function.Module._load (internal/modules/cjs/loader.js:878:14)
    at Module.require (internal/modules/cjs/loader.js:1025:19) {"metadata":{"emulator":{"name":"functions"},"message":"Error: Cannot find module 'sk_test_51IY6UlC1XM3tYf8dm54ukQBn6rtqDybh4lDADB3AON9hq6BPHvvx9cFoI4jp8tpn3IjAngCqvrKWxRxD9c6FMVht00fdVxFjUZ'\nRequire stack:\n- /Applications/Ampps/www/FullStack/Projects/amazon-clone/functions/index.js\n- /usr/local/lib/node_modules/firebase-tools/lib/emulator/functionsEmulatorRuntime.js\n    at Function.Module._resolveFilename (internal/modules/cjs/loader.js:965:15)\n    at Function.Module._load (internal/modules/cjs/loader.js:841:27)\n    at Module.require (internal/modules/cjs/loader.js:1025:19)\n    at require (internal/modules/cjs/helpers.js:72:18)\n    at Object.<anonymous> (/Applications/Ampps/www/FullStack/Projects/amazon-clone/functions/index.js:4:16)\n    at Module._compile (internal/modules/cjs/loader.js:1137:30)\n    at Object.Module._extensions..js (internal/modules/cjs/loader.js:1157:10)\n    at Module.load (internal/modules/cjs/loader.js:985:32)\n    at Function.Module._load (internal/modules/cjs/loader.js:878:14)\n    at Module.require (internal/modules/cjs/loader.js:1025:19)"}}
[warn] ⚠  We were unable to load your functions code. (see above) {"metadata":{"emulator":{"name":"functions"}}}
[debug] [2021-03-23T17:15:58.636Z] [worker-~diagnostic~-81807898-5e2b-4d56-be78-6daec6eeaf74]: exited {"metadata":{"emulator":{"name":"functions"},"message":"[worker-~diagnostic~-81807898-5e2b-4d56-be78-6daec6eeaf74]: exited"}}
[debug] [2021-03-23T17:15:58.637Z] [worker-~diagnostic~-81807898-5e2b-4d56-be78-6daec6eeaf74]: FINISHED {"metadata":{"emulator":{"name":"functions"},"message":"[worker-~diagnostic~-81807898-5e2b-4d56-be78-6daec6eeaf74]: FINISHED"}}
[debug] [2021-03-23T17:20:47.546Z] File /Applications/Ampps/www/FullStack/Projects/amazon-clone/functions/index.js changed, reloading triggers {"metadata":{"emulator":{"name":"functions"},"message":"File /Applications/Ampps/www/FullStack/Projects/amazon-clone/functions/index.js changed, reloading triggers"}}
[debug] [2021-03-23T17:20:48.552Z] [worker-pool] Cleaned up workers for ~diagnostic~: 1 --> 0 {"metadata":{"emulator":{"name":"functions"},"message":"[worker-pool] Cleaned up workers for ~diagnostic~: 1 --> 0"}}
[debug] [2021-03-23T17:20:48.556Z] [worker-pool] addWorker(~diagnostic~) {"metadata":{"emulator":{"name":"functions"},"message":"[worker-pool] addWorker(~diagnostic~)"}}
[debug] [2021-03-23T17:20:48.556Z] [worker-pool] Adding worker with key ~diagnostic~, total=1 {"metadata":{"emulator":{"name":"functions"},"message":"[worker-pool] Adding worker with key ~diagnostic~, total=1"}}
[debug] [2021-03-23T17:20:48.557Z] [worker-pool] submitWork(triggerId=) {"metadata":{"emulator":{"name":"functions"},"message":"[worker-pool] submitWork(triggerId=)"}}
[debug] [2021-03-23T17:20:48.557Z] [worker-~diagnostic~-da02f766-be6b-4996-b5cc-79acea6d44ca]: Assigning socketPath: /var/folders/hd/4z8rhm0d6_x9swk03swc425h0000gp/T/fire_emu_1635.sock {"metadata":{"emulator":{"name":"functions"},"message":"[worker-~diagnostic~-da02f766-be6b-4996-b5cc-79acea6d44ca]: Assigning socketPath: /var/folders/hd/4z8rhm0d6_x9swk03swc425h0000gp/T/fire_emu_1635.sock"}}
[debug] [2021-03-23T17:20:48.557Z] [worker-~diagnostic~-da02f766-be6b-4996-b5cc-79acea6d44ca]: BUSY {"metadata":{"emulator":{"name":"functions"},"message":"[worker-~diagnostic~-da02f766-be6b-4996-b5cc-79acea6d44ca]: BUSY"}}
[debug] [2021-03-23T17:20:48.680Z] [runtime-status] [1635] Functions runtime initialized. {"cwd":"/Applications/Ampps/www/FullStack/Projects/amazon-clone/functions","node_version":"12.18.3"} {"metadata":{"emulator":{"name":"functions"},"message":"[runtime-status] [1635] Functions runtime initialized. {\"cwd\":\"/Applications/Ampps/www/FullStack/Projects/amazon-clone/functions\",\"node_version\":\"12.18.3\"}"}}
[debug] [2021-03-23T17:20:48.681Z] [runtime-status] [1635] Disabled runtime features: undefined {"metadata":{"emulator":{"name":"functions"},"message":"[runtime-status] [1635] Disabled runtime features: undefined"}}
[debug] [2021-03-23T17:20:48.683Z] [runtime-status] [1635] Resolved module firebase-admin {"declared":true,"installed":true,"version":"9.5.0","resolution":"/Applications/Ampps/www/FullStack/Projects/amazon-clone/functions/node_modules/firebase-admin/lib/index.js"} {"metadata":{"emulator":{"name":"functions"},"message":"[runtime-status] [1635] Resolved module firebase-admin {\"declared\":true,\"installed\":true,\"version\":\"9.5.0\",\"resolution\":\"/Applications/Ampps/www/FullStack/Projects/amazon-clone/functions/node_modules/firebase-admin/lib/index.js\"}"}}
[debug] [2021-03-23T17:20:48.685Z] [runtime-status] [1635] Resolved module firebase-functions {"declared":true,"installed":true,"version":"3.13.2","resolution":"/Applications/Ampps/www/FullStack/Projects/amazon-clone/functions/node_modules/firebase-functions/lib/index.js"} {"metadata":{"emulator":{"name":"functions"},"message":"[runtime-status] [1635] Resolved module firebase-functions {\"declared\":true,\"installed\":true,\"version\":\"3.13.2\",\"resolution\":\"/Applications/Ampps/www/FullStack/Projects/amazon-clone/functions/node_modules/firebase-functions/lib/index.js\"}"}}
[debug] [2021-03-23T17:20:48.686Z] [runtime-status] [1635] Resolved module firebase-functions {"declared":true,"installed":true,"version":"3.13.2","resolution":"/Applications/Ampps/www/FullStack/Projects/amazon-clone/functions/node_modules/firebase-functions/lib/index.js"} {"metadata":{"emulator":{"name":"functions"},"message":"[runtime-status] [1635] Resolved module firebase-functions {\"declared\":true,\"installed\":true,\"version\":\"3.13.2\",\"resolution\":\"/Applications/Ampps/www/FullStack/Projects/amazon-clone/functions/node_modules/firebase-functions/lib/index.js\"}"}}
[debug] [2021-03-23T17:20:48.687Z] [runtime-status] [1635] Outgoing network have been stubbed. [{"name":"http","status":"mocked"},{"name":"http","status":"mocked"},{"name":"https","status":"mocked"},{"name":"https","status":"mocked"},{"name":"net","status":"mocked"}] {"metadata":{"emulator":{"name":"functions"},"message":"[runtime-status] [1635] Outgoing network have been stubbed. [{\"name\":\"http\",\"status\":\"mocked\"},{\"name\":\"http\",\"status\":\"mocked\"},{\"name\":\"https\",\"status\":\"mocked\"},{\"name\":\"https\",\"status\":\"mocked\"},{\"name\":\"net\",\"status\":\"mocked\"}]"}}
[debug] [2021-03-23T17:20:48.688Z] [runtime-status] [1635] Resolved module firebase-functions {"declared":true,"installed":true,"version":"3.13.2","resolution":"/Applications/Ampps/www/FullStack/Projects/amazon-clone/functions/node_modules/firebase-functions/lib/index.js"} {"metadata":{"emulator":{"name":"functions"},"message":"[runtime-status] [1635] Resolved module firebase-functions {\"declared\":true,\"installed\":true,\"version\":\"3.13.2\",\"resolution\":\"/Applications/Ampps/www/FullStack/Projects/amazon-clone/functions/node_modules/firebase-functions/lib/index.js\"}"}}
[debug] [2021-03-23T17:20:48.714Z] [runtime-status] [1635] Checked functions.config() {"config":{}} {"metadata":{"emulator":{"name":"functions"},"message":"[runtime-status] [1635] Checked functions.config() {\"config\":{}}"}}
[debug] [2021-03-23T17:20:48.715Z] [runtime-status] [1635] firebase-functions has been stubbed. {"functionsResolution":{"declared":true,"installed":true,"version":"3.13.2","resolution":"/Applications/Ampps/www/FullStack/Projects/amazon-clone/functions/node_modules/firebase-functions/lib/index.js"}} {"metadata":{"emulator":{"name":"functions"},"message":"[runtime-status] [1635] firebase-functions has been stubbed. {\"functionsResolution\":{\"declared\":true,\"installed\":true,\"version\":\"3.13.2\",\"resolution\":\"/Applications/Ampps/www/FullStack/Projects/amazon-clone/functions/node_modules/firebase-functions/lib/index.js\"}}"}}
[debug] [2021-03-23T17:20:48.715Z] [runtime-status] [1635] Resolved module firebase-functions {"declared":true,"installed":true,"version":"3.13.2","resolution":"/Applications/Ampps/www/FullStack/Projects/amazon-clone/functions/node_modules/firebase-functions/lib/index.js"} {"metadata":{"emulator":{"name":"functions"},"message":"[runtime-status] [1635] Resolved module firebase-functions {\"declared\":true,\"installed\":true,\"version\":\"3.13.2\",\"resolution\":\"/Applications/Ampps/www/FullStack/Projects/amazon-clone/functions/node_modules/firebase-functions/lib/index.js\"}"}}
[debug] [2021-03-23T17:20:48.715Z] [runtime-status] [1635] Resolved module firebase-admin {"declared":true,"installed":true,"version":"9.5.0","resolution":"/Applications/Ampps/www/FullStack/Projects/amazon-clone/functions/node_modules/firebase-admin/lib/index.js"} {"metadata":{"emulator":{"name":"functions"},"message":"[runtime-status] [1635] Resolved module firebase-admin {\"declared\":true,\"installed\":true,\"version\":\"9.5.0\",\"resolution\":\"/Applications/Ampps/www/FullStack/Projects/amazon-clone/functions/node_modules/firebase-admin/lib/index.js\"}"}}
[debug] [2021-03-23T17:20:48.716Z] [runtime-status] [1635] Resolved module firebase-functions {"declared":true,"installed":true,"version":"3.13.2","resolution":"/Applications/Ampps/www/FullStack/Projects/amazon-clone/functions/node_modules/firebase-functions/lib/index.js"} {"metadata":{"emulator":{"name":"functions"},"message":"[runtime-status] [1635] Resolved module firebase-functions {\"declared\":true,\"installed\":true,\"version\":\"3.13.2\",\"resolution\":\"/Applications/Ampps/www/FullStack/Projects/amazon-clone/functions/node_modules/firebase-functions/lib/index.js\"}"}}
[debug] [2021-03-23T17:20:48.716Z] [runtime-status] [1635] firebase-admin has been stubbed. {"adminResolution":{"declared":true,"installed":true,"version":"9.5.0","resolution":"/Applications/Ampps/www/FullStack/Projects/amazon-clone/functions/node_modules/firebase-admin/lib/index.js"}} {"metadata":{"emulator":{"name":"functions"},"message":"[runtime-status] [1635] firebase-admin has been stubbed. {\"adminResolution\":{\"declared\":true,\"installed\":true,\"version\":\"9.5.0\",\"resolution\":\"/Applications/Ampps/www/FullStack/Projects/amazon-clone/functions/node_modules/firebase-admin/lib/index.js\"}}"}}
[warn] ⚠  /Applications/Ampps/www/FullStack/Projects/amazon-clone/functions/index.js:4
const stripe = require(("sk_test_51IY6UlC1XM3tYf8dm54ukQBn6rtqDybh4lDADB3AON9hq6BPHvvx9cFoI4jp8tpn3IjAngCqvrKWxRxD9c6FMVht00fdVxFjUZ");
                                                                                                                                     ^

SyntaxError: missing ) after argument list
    at wrapSafe (internal/modules/cjs/loader.js:1053:16)
    at Module._compile (internal/modules/cjs/loader.js:1101:27)
    at Object.Module._extensions..js (internal/modules/cjs/loader.js:1157:10)
    at Module.load (internal/modules/cjs/loader.js:985:32)
    at Function.Module._load (internal/modules/cjs/loader.js:878:14)
    at Module.require (internal/modules/cjs/loader.js:1025:19)
    at require (internal/modules/cjs/helpers.js:72:18)
    at initializeRuntime (/usr/local/lib/node_modules/firebase-tools/lib/emulator/functionsEmulatorRuntime.js:678:29)
    at processTicksAndRejections (internal/process/task_queues.js:97:5)
    at async handleMessage (/usr/local/lib/node_modules/firebase-tools/lib/emulator/functionsEmulatorRuntime.js:716:20) {"metadata":{"emulator":{"name":"functions"},"message":"/Applications/Ampps/www/FullStack/Projects/amazon-clone/functions/index.js:4\nconst stripe = require((\"sk_test_51IY6UlC1XM3tYf8dm54ukQBn6rtqDybh4lDADB3AON9hq6BPHvvx9cFoI4jp8tpn3IjAngCqvrKWxRxD9c6FMVht00fdVxFjUZ\");\n                                                                                                                                     ^\n\nSyntaxError: missing ) after argument list\n    at wrapSafe (internal/modules/cjs/loader.js:1053:16)\n    at Module._compile (internal/modules/cjs/loader.js:1101:27)\n    at Object.Module._extensions..js (internal/modules/cjs/loader.js:1157:10)\n    at Module.load (internal/modules/cjs/loader.js:985:32)\n    at Function.Module._load (internal/modules/cjs/loader.js:878:14)\n    at Module.require (internal/modules/cjs/loader.js:1025:19)\n    at require (internal/modules/cjs/helpers.js:72:18)\n    at initializeRuntime (/usr/local/lib/node_modules/firebase-tools/lib/emulator/functionsEmulatorRuntime.js:678:29)\n    at processTicksAndRejections (internal/process/task_queues.js:97:5)\n    at async handleMessage (/usr/local/lib/node_modules/firebase-tools/lib/emulator/functionsEmulatorRuntime.js:716:20)"}}
[warn] ⚠  We were unable to load your functions code. (see above) {"metadata":{"emulator":{"name":"functions"}}}
[debug] [2021-03-23T17:20:48.733Z] [worker-~diagnostic~-da02f766-be6b-4996-b5cc-79acea6d44ca]: exited {"metadata":{"emulator":{"name":"functions"},"message":"[worker-~diagnostic~-da02f766-be6b-4996-b5cc-79acea6d44ca]: exited"}}
[debug] [2021-03-23T17:20:48.733Z] [worker-~diagnostic~-da02f766-be6b-4996-b5cc-79acea6d44ca]: FINISHED {"metadata":{"emulator":{"name":"functions"},"message":"[worker-~diagnostic~-da02f766-be6b-4996-b5cc-79acea6d44ca]: FINISHED"}}
[debug] [2021-03-23T17:20:49.027Z] File /Applications/Ampps/www/FullStack/Projects/amazon-clone/functions/index.js changed, reloading triggers {"metadata":{"emulator":{"name":"functions"},"message":"File /Applications/Ampps/www/FullStack/Projects/amazon-clone/functions/index.js changed, reloading triggers"}}
[debug] [2021-03-23T17:20:50.032Z] [worker-pool] Cleaned up workers for ~diagnostic~: 1 --> 0 {"metadata":{"emulator":{"name":"functions"},"message":"[worker-pool] Cleaned up workers for ~diagnostic~: 1 --> 0"}}
[debug] [2021-03-23T17:20:50.038Z] [worker-pool] addWorker(~diagnostic~) {"metadata":{"emulator":{"name":"functions"},"message":"[worker-pool] addWorker(~diagnostic~)"}}
[debug] [2021-03-23T17:20:50.039Z] [worker-pool] Adding worker with key ~diagnostic~, total=1 {"metadata":{"emulator":{"name":"functions"},"message":"[worker-pool] Adding worker with key ~diagnostic~, total=1"}}
[debug] [2021-03-23T17:20:50.039Z] [worker-pool] submitWork(triggerId=) {"metadata":{"emulator":{"name":"functions"},"message":"[worker-pool] submitWork(triggerId=)"}}
[debug] [2021-03-23T17:20:50.039Z] [worker-~diagnostic~-29aa3d19-7d05-4838-a7e4-062e932be524]: Assigning socketPath: /var/folders/hd/4z8rhm0d6_x9swk03swc425h0000gp/T/fire_emu_1642.sock {"metadata":{"emulator":{"name":"functions"},"message":"[worker-~diagnostic~-29aa3d19-7d05-4838-a7e4-062e932be524]: Assigning socketPath: /var/folders/hd/4z8rhm0d6_x9swk03swc425h0000gp/T/fire_emu_1642.sock"}}
[debug] [2021-03-23T17:20:50.039Z] [worker-~diagnostic~-29aa3d19-7d05-4838-a7e4-062e932be524]: BUSY {"metadata":{"emulator":{"name":"functions"},"message":"[worker-~diagnostic~-29aa3d19-7d05-4838-a7e4-062e932be524]: BUSY"}}
[debug] [2021-03-23T17:20:50.158Z] [runtime-status] [1642] Functions runtime initialized. {"cwd":"/Applications/Ampps/www/FullStack/Projects/amazon-clone/functions","node_version":"12.18.3"} {"metadata":{"emulator":{"name":"functions"},"message":"[runtime-status] [1642] Functions runtime initialized. {\"cwd\":\"/Applications/Ampps/www/FullStack/Projects/amazon-clone/functions\",\"node_version\":\"12.18.3\"}"}}
[debug] [2021-03-23T17:20:50.159Z] [runtime-status] [1642] Disabled runtime features: undefined {"metadata":{"emulator":{"name":"functions"},"message":"[runtime-status] [1642] Disabled runtime features: undefined"}}
[debug] [2021-03-23T17:20:50.160Z] [runtime-status] [1642] Resolved module firebase-admin {"declared":true,"installed":true,"version":"9.5.0","resolution":"/Applications/Ampps/www/FullStack/Projects/amazon-clone/functions/node_modules/firebase-admin/lib/index.js"} {"metadata":{"emulator":{"name":"functions"},"message":"[runtime-status] [1642] Resolved module firebase-admin {\"declared\":true,\"installed\":true,\"version\":\"9.5.0\",\"resolution\":\"/Applications/Ampps/www/FullStack/Projects/amazon-clone/functions/node_modules/firebase-admin/lib/index.js\"}"}}
[debug] [2021-03-23T17:20:50.162Z] [runtime-status] [1642] Resolved module firebase-functions {"declared":true,"installed":true,"version":"3.13.2","resolution":"/Applications/Ampps/www/FullStack/Projects/amazon-clone/functions/node_modules/firebase-functions/lib/index.js"} {"metadata":{"emulator":{"name":"functions"},"message":"[runtime-status] [1642] Resolved module firebase-functions {\"declared\":true,\"installed\":true,\"version\":\"3.13.2\",\"resolution\":\"/Applications/Ampps/www/FullStack/Projects/amazon-clone/functions/node_modules/firebase-functions/lib/index.js\"}"}}
[debug] [2021-03-23T17:20:50.162Z] [runtime-status] [1642] Resolved module firebase-functions {"declared":true,"installed":true,"version":"3.13.2","resolution":"/Applications/Ampps/www/FullStack/Projects/amazon-clone/functions/node_modules/firebase-functions/lib/index.js"} {"metadata":{"emulator":{"name":"functions"},"message":"[runtime-status] [1642] Resolved module firebase-functions {\"declared\":true,\"installed\":true,\"version\":\"3.13.2\",\"resolution\":\"/Applications/Ampps/www/FullStack/Projects/amazon-clone/functions/node_modules/firebase-functions/lib/index.js\"}"}}
[debug] [2021-03-23T17:20:50.163Z] [runtime-status] [1642] Outgoing network have been stubbed. [{"name":"http","status":"mocked"},{"name":"http","status":"mocked"},{"name":"https","status":"mocked"},{"name":"https","status":"mocked"},{"name":"net","status":"mocked"}] {"metadata":{"emulator":{"name":"functions"},"message":"[runtime-status] [1642] Outgoing network have been stubbed. [{\"name\":\"http\",\"status\":\"mocked\"},{\"name\":\"http\",\"status\":\"mocked\"},{\"name\":\"https\",\"status\":\"mocked\"},{\"name\":\"https\",\"status\":\"mocked\"},{\"name\":\"net\",\"status\":\"mocked\"}]"}}
[debug] [2021-03-23T17:20:50.163Z] [runtime-status] [1642] Resolved module firebase-functions {"declared":true,"installed":true,"version":"3.13.2","resolution":"/Applications/Ampps/www/FullStack/Projects/amazon-clone/functions/node_modules/firebase-functions/lib/index.js"} {"metadata":{"emulator":{"name":"functions"},"message":"[runtime-status] [1642] Resolved module firebase-functions {\"declared\":true,\"installed\":true,\"version\":\"3.13.2\",\"resolution\":\"/Applications/Ampps/www/FullStack/Projects/amazon-clone/functions/node_modules/firebase-functions/lib/index.js\"}"}}
[debug] [2021-03-23T17:20:50.188Z] [runtime-status] [1642] Checked functions.config() {"config":{}} {"metadata":{"emulator":{"name":"functions"},"message":"[runtime-status] [1642] Checked functions.config() {\"config\":{}}"}}
[debug] [2021-03-23T17:20:50.188Z] [runtime-status] [1642] firebase-functions has been stubbed. {"functionsResolution":{"declared":true,"installed":true,"version":"3.13.2","resolution":"/Applications/Ampps/www/FullStack/Projects/amazon-clone/functions/node_modules/firebase-functions/lib/index.js"}} {"metadata":{"emulator":{"name":"functions"},"message":"[runtime-status] [1642] firebase-functions has been stubbed. {\"functionsResolution\":{\"declared\":true,\"installed\":true,\"version\":\"3.13.2\",\"resolution\":\"/Applications/Ampps/www/FullStack/Projects/amazon-clone/functions/node_modules/firebase-functions/lib/index.js\"}}"}}
[debug] [2021-03-23T17:20:50.188Z] [runtime-status] [1642] Resolved module firebase-functions {"declared":true,"installed":true,"version":"3.13.2","resolution":"/Applications/Ampps/www/FullStack/Projects/amazon-clone/functions/node_modules/firebase-functions/lib/index.js"} {"metadata":{"emulator":{"name":"functions"},"message":"[runtime-status] [1642] Resolved module firebase-functions {\"declared\":true,\"installed\":true,\"version\":\"3.13.2\",\"resolution\":\"/Applications/Ampps/www/FullStack/Projects/amazon-clone/functions/node_modules/firebase-functions/lib/index.js\"}"}}
[debug] [2021-03-23T17:20:50.189Z] [runtime-status] [1642] Resolved module firebase-admin {"declared":true,"installed":true,"version":"9.5.0","resolution":"/Applications/Ampps/www/FullStack/Projects/amazon-clone/functions/node_modules/firebase-admin/lib/index.js"} {"metadata":{"emulator":{"name":"functions"},"message":"[runtime-status] [1642] Resolved module firebase-admin {\"declared\":true,\"installed\":true,\"version\":\"9.5.0\",\"resolution\":\"/Applications/Ampps/www/FullStack/Projects/amazon-clone/functions/node_modules/firebase-admin/lib/index.js\"}"}}
[debug] [2021-03-23T17:20:50.189Z] [runtime-status] [1642] Resolved module firebase-functions {"declared":true,"installed":true,"version":"3.13.2","resolution":"/Applications/Ampps/www/FullStack/Projects/amazon-clone/functions/node_modules/firebase-functions/lib/index.js"} {"metadata":{"emulator":{"name":"functions"},"message":"[runtime-status] [1642] Resolved module firebase-functions {\"declared\":true,\"installed\":true,\"version\":\"3.13.2\",\"resolution\":\"/Applications/Ampps/www/FullStack/Projects/amazon-clone/functions/node_modules/firebase-functions/lib/index.js\"}"}}
[debug] [2021-03-23T17:20:50.189Z] [runtime-status] [1642] firebase-admin has been stubbed. {"adminResolution":{"declared":true,"installed":true,"version":"9.5.0","resolution":"/Applications/Ampps/www/FullStack/Projects/amazon-clone/functions/node_modules/firebase-admin/lib/index.js"}} {"metadata":{"emulator":{"name":"functions"},"message":"[runtime-status] [1642] firebase-admin has been stubbed. {\"adminResolution\":{\"declared\":true,\"installed\":true,\"version\":\"9.5.0\",\"resolution\":\"/Applications/Ampps/www/FullStack/Projects/amazon-clone/functions/node_modules/firebase-admin/lib/index.js\"}}"}}
[warn] ⚠  TypeError [ERR_INVALID_ARG_TYPE]: The "id" argument must be of type string. Received undefined
    at validateString (internal/validators.js:120:11)
    at Module.require (internal/modules/cjs/loader.js:1018:3)
    at require (internal/modules/cjs/helpers.js:72:18)
    at Object.<anonymous> (/Applications/Ampps/www/FullStack/Projects/amazon-clone/functions/index.js:4:16)
    at Module._compile (internal/modules/cjs/loader.js:1137:30)
    at Object.Module._extensions..js (internal/modules/cjs/loader.js:1157:10)
    at Module.load (internal/modules/cjs/loader.js:985:32)
    at Function.Module._load (internal/modules/cjs/loader.js:878:14)
    at Module.require (internal/modules/cjs/loader.js:1025:19)
    at require (internal/modules/cjs/helpers.js:72:18) {"metadata":{"emulator":{"name":"functions"},"message":"TypeError [ERR_INVALID_ARG_TYPE]: The \"id\" argument must be of type string. Received undefined\n    at validateString (internal/validators.js:120:11)\n    at Module.require (internal/modules/cjs/loader.js:1018:3)\n    at require (internal/modules/cjs/helpers.js:72:18)\n    at Object.<anonymous> (/Applications/Ampps/www/FullStack/Projects/amazon-clone/functions/index.js:4:16)\n    at Module._compile (internal/modules/cjs/loader.js:1137:30)\n    at Object.Module._extensions..js (internal/modules/cjs/loader.js:1157:10)\n    at Module.load (internal/modules/cjs/loader.js:985:32)\n    at Function.Module._load (internal/modules/cjs/loader.js:878:14)\n    at Module.require (internal/modules/cjs/loader.js:1025:19)\n    at require (internal/modules/cjs/helpers.js:72:18)"}}
[warn] ⚠  We were unable to load your functions code. (see above) {"metadata":{"emulator":{"name":"functions"}}}
[debug] [2021-03-23T17:20:50.253Z] [worker-~diagnostic~-29aa3d19-7d05-4838-a7e4-062e932be524]: exited {"metadata":{"emulator":{"name":"functions"},"message":"[worker-~diagnostic~-29aa3d19-7d05-4838-a7e4-062e932be524]: exited"}}
[debug] [2021-03-23T17:20:50.253Z] [worker-~diagnostic~-29aa3d19-7d05-4838-a7e4-062e932be524]: FINISHED {"metadata":{"emulator":{"name":"functions"},"message":"[worker-~diagnostic~-29aa3d19-7d05-4838-a7e4-062e932be524]: FINISHED"}}
[debug] [2021-03-23T17:20:52.742Z] File /Applications/Ampps/www/FullStack/Projects/amazon-clone/functions/index.js changed, reloading triggers {"metadata":{"emulator":{"name":"functions"},"message":"File /Applications/Ampps/www/FullStack/Projects/amazon-clone/functions/index.js changed, reloading triggers"}}
[debug] [2021-03-23T17:20:53.747Z] [worker-pool] Cleaned up workers for ~diagnostic~: 1 --> 0 {"metadata":{"emulator":{"name":"functions"},"message":"[worker-pool] Cleaned up workers for ~diagnostic~: 1 --> 0"}}
[debug] [2021-03-23T17:20:53.750Z] [worker-pool] addWorker(~diagnostic~) {"metadata":{"emulator":{"name":"functions"},"message":"[worker-pool] addWorker(~diagnostic~)"}}
[debug] [2021-03-23T17:20:53.750Z] [worker-pool] Adding worker with key ~diagnostic~, total=1 {"metadata":{"emulator":{"name":"functions"},"message":"[worker-pool] Adding worker with key ~diagnostic~, total=1"}}
[debug] [2021-03-23T17:20:53.750Z] [worker-pool] submitWork(triggerId=) {"metadata":{"emulator":{"name":"functions"},"message":"[worker-pool] submitWork(triggerId=)"}}
[debug] [2021-03-23T17:20:53.750Z] [worker-~diagnostic~-7c4a3140-3a9a-4fa9-a0a4-0e6f16a44ea6]: Assigning socketPath: /var/folders/hd/4z8rhm0d6_x9swk03swc425h0000gp/T/fire_emu_1651.sock {"metadata":{"emulator":{"name":"functions"},"message":"[worker-~diagnostic~-7c4a3140-3a9a-4fa9-a0a4-0e6f16a44ea6]: Assigning socketPath: /var/folders/hd/4z8rhm0d6_x9swk03swc425h0000gp/T/fire_emu_1651.sock"}}
[debug] [2021-03-23T17:20:53.751Z] [worker-~diagnostic~-7c4a3140-3a9a-4fa9-a0a4-0e6f16a44ea6]: BUSY {"metadata":{"emulator":{"name":"functions"},"message":"[worker-~diagnostic~-7c4a3140-3a9a-4fa9-a0a4-0e6f16a44ea6]: BUSY"}}
[debug] [2021-03-23T17:20:53.872Z] [runtime-status] [1651] Functions runtime initialized. {"cwd":"/Applications/Ampps/www/FullStack/Projects/amazon-clone/functions","node_version":"12.18.3"} {"metadata":{"emulator":{"name":"functions"},"message":"[runtime-status] [1651] Functions runtime initialized. {\"cwd\":\"/Applications/Ampps/www/FullStack/Projects/amazon-clone/functions\",\"node_version\":\"12.18.3\"}"}}
[debug] [2021-03-23T17:20:53.873Z] [runtime-status] [1651] Disabled runtime features: undefined {"metadata":{"emulator":{"name":"functions"},"message":"[runtime-status] [1651] Disabled runtime features: undefined"}}
[debug] [2021-03-23T17:20:53.875Z] [runtime-status] [1651] Resolved module firebase-admin {"declared":true,"installed":true,"version":"9.5.0","resolution":"/Applications/Ampps/www/FullStack/Projects/amazon-clone/functions/node_modules/firebase-admin/lib/index.js"} {"metadata":{"emulator":{"name":"functions"},"message":"[runtime-status] [1651] Resolved module firebase-admin {\"declared\":true,\"installed\":true,\"version\":\"9.5.0\",\"resolution\":\"/Applications/Ampps/www/FullStack/Projects/amazon-clone/functions/node_modules/firebase-admin/lib/index.js\"}"}}
[debug] [2021-03-23T17:20:53.877Z] [runtime-status] [1651] Resolved module firebase-functions {"declared":true,"installed":true,"version":"3.13.2","resolution":"/Applications/Ampps/www/FullStack/Projects/amazon-clone/functions/node_modules/firebase-functions/lib/index.js"} {"metadata":{"emulator":{"name":"functions"},"message":"[runtime-status] [1651] Resolved module firebase-functions {\"declared\":true,\"installed\":true,\"version\":\"3.13.2\",\"resolution\":\"/Applications/Ampps/www/FullStack/Projects/amazon-clone/functions/node_modules/firebase-functions/lib/index.js\"}"}}
[debug] [2021-03-23T17:20:53.877Z] [runtime-status] [1651] Resolved module firebase-functions {"declared":true,"installed":true,"version":"3.13.2","resolution":"/Applications/Ampps/www/FullStack/Projects/amazon-clone/functions/node_modules/firebase-functions/lib/index.js"} {"metadata":{"emulator":{"name":"functions"},"message":"[runtime-status] [1651] Resolved module firebase-functions {\"declared\":true,\"installed\":true,\"version\":\"3.13.2\",\"resolution\":\"/Applications/Ampps/www/FullStack/Projects/amazon-clone/functions/node_modules/firebase-functions/lib/index.js\"}"}}
[debug] [2021-03-23T17:20:53.878Z] [runtime-status] [1651] Outgoing network have been stubbed. [{"name":"http","status":"mocked"},{"name":"http","status":"mocked"},{"name":"https","status":"mocked"},{"name":"https","status":"mocked"},{"name":"net","status":"mocked"}] {"metadata":{"emulator":{"name":"functions"},"message":"[runtime-status] [1651] Outgoing network have been stubbed. [{\"name\":\"http\",\"status\":\"mocked\"},{\"name\":\"http\",\"status\":\"mocked\"},{\"name\":\"https\",\"status\":\"mocked\"},{\"name\":\"https\",\"status\":\"mocked\"},{\"name\":\"net\",\"status\":\"mocked\"}]"}}
[debug] [2021-03-23T17:20:53.879Z] [runtime-status] [1651] Resolved module firebase-functions {"declared":true,"installed":true,"version":"3.13.2","resolution":"/Applications/Ampps/www/FullStack/Projects/amazon-clone/functions/node_modules/firebase-functions/lib/index.js"} {"metadata":{"emulator":{"name":"functions"},"message":"[runtime-status] [1651] Resolved module firebase-functions {\"declared\":true,\"installed\":true,\"version\":\"3.13.2\",\"resolution\":\"/Applications/Ampps/www/FullStack/Projects/amazon-clone/functions/node_modules/firebase-functions/lib/index.js\"}"}}
[debug] [2021-03-23T17:20:53.907Z] [runtime-status] [1651] Checked functions.config() {"config":{}} {"metadata":{"emulator":{"name":"functions"},"message":"[runtime-status] [1651] Checked functions.config() {\"config\":{}}"}}
[debug] [2021-03-23T17:20:53.908Z] [runtime-status] [1651] firebase-functions has been stubbed. {"functionsResolution":{"declared":true,"installed":true,"version":"3.13.2","resolution":"/Applications/Ampps/www/FullStack/Projects/amazon-clone/functions/node_modules/firebase-functions/lib/index.js"}} {"metadata":{"emulator":{"name":"functions"},"message":"[runtime-status] [1651] firebase-functions has been stubbed. {\"functionsResolution\":{\"declared\":true,\"installed\":true,\"version\":\"3.13.2\",\"resolution\":\"/Applications/Ampps/www/FullStack/Projects/amazon-clone/functions/node_modules/firebase-functions/lib/index.js\"}}"}}
[debug] [2021-03-23T17:20:53.908Z] [runtime-status] [1651] Resolved module firebase-functions {"declared":true,"installed":true,"version":"3.13.2","resolution":"/Applications/Ampps/www/FullStack/Projects/amazon-clone/functions/node_modules/firebase-functions/lib/index.js"} {"metadata":{"emulator":{"name":"functions"},"message":"[runtime-status] [1651] Resolved module firebase-functions {\"declared\":true,\"installed\":true,\"version\":\"3.13.2\",\"resolution\":\"/Applications/Ampps/www/FullStack/Projects/amazon-clone/functions/node_modules/firebase-functions/lib/index.js\"}"}}
[debug] [2021-03-23T17:20:53.908Z] [runtime-status] [1651] Resolved module firebase-admin {"declared":true,"installed":true,"version":"9.5.0","resolution":"/Applications/Ampps/www/FullStack/Projects/amazon-clone/functions/node_modules/firebase-admin/lib/index.js"} {"metadata":{"emulator":{"name":"functions"},"message":"[runtime-status] [1651] Resolved module firebase-admin {\"declared\":true,\"installed\":true,\"version\":\"9.5.0\",\"resolution\":\"/Applications/Ampps/www/FullStack/Projects/amazon-clone/functions/node_modules/firebase-admin/lib/index.js\"}"}}
[debug] [2021-03-23T17:20:53.909Z] [runtime-status] [1651] Resolved module firebase-functions {"declared":true,"installed":true,"version":"3.13.2","resolution":"/Applications/Ampps/www/FullStack/Projects/amazon-clone/functions/node_modules/firebase-functions/lib/index.js"} {"metadata":{"emulator":{"name":"functions"},"message":"[runtime-status] [1651] Resolved module firebase-functions {\"declared\":true,\"installed\":true,\"version\":\"3.13.2\",\"resolution\":\"/Applications/Ampps/www/FullStack/Projects/amazon-clone/functions/node_modules/firebase-functions/lib/index.js\"}"}}
[debug] [2021-03-23T17:20:53.909Z] [runtime-status] [1651] firebase-admin has been stubbed. {"adminResolution":{"declared":true,"installed":true,"version":"9.5.0","resolution":"/Applications/Ampps/www/FullStack/Projects/amazon-clone/functions/node_modules/firebase-admin/lib/index.js"}} {"metadata":{"emulator":{"name":"functions"},"message":"[runtime-status] [1651] firebase-admin has been stubbed. {\"adminResolution\":{\"declared\":true,\"installed\":true,\"version\":\"9.5.0\",\"resolution\":\"/Applications/Ampps/www/FullStack/Projects/amazon-clone/functions/node_modules/firebase-admin/lib/index.js\"}}"}}
[warn] ⚠  TypeError [ERR_INVALID_ARG_VALUE]: The argument 'id' must be a non-empty string. Received ''
    at Module.require (internal/modules/cjs/loader.js:1020:11)
    at require (internal/modules/cjs/helpers.js:72:18)
    at Object.<anonymous> (/Applications/Ampps/www/FullStack/Projects/amazon-clone/functions/index.js:4:16)
    at Module._compile (internal/modules/cjs/loader.js:1137:30)
    at Object.Module._extensions..js (internal/modules/cjs/loader.js:1157:10)
    at Module.load (internal/modules/cjs/loader.js:985:32)
    at Function.Module._load (internal/modules/cjs/loader.js:878:14)
    at Module.require (internal/modules/cjs/loader.js:1025:19)
    at require (internal/modules/cjs/helpers.js:72:18)
    at initializeRuntime (/usr/local/lib/node_modules/firebase-tools/lib/emulator/functionsEmulatorRuntime.js:678:29) {"metadata":{"emulator":{"name":"functions"},"message":"TypeError [ERR_INVALID_ARG_VALUE]: The argument 'id' must be a non-empty string. Received ''\n    at Module.require (internal/modules/cjs/loader.js:1020:11)\n    at require (internal/modules/cjs/helpers.js:72:18)\n    at Object.<anonymous> (/Applications/Ampps/www/FullStack/Projects/amazon-clone/functions/index.js:4:16)\n    at Module._compile (internal/modules/cjs/loader.js:1137:30)\n    at Object.Module._extensions..js (internal/modules/cjs/loader.js:1157:10)\n    at Module.load (internal/modules/cjs/loader.js:985:32)\n    at Function.Module._load (internal/modules/cjs/loader.js:878:14)\n    at Module.require (internal/modules/cjs/loader.js:1025:19)\n    at require (internal/modules/cjs/helpers.js:72:18)\n    at initializeRuntime (/usr/local/lib/node_modules/firebase-tools/lib/emulator/functionsEmulatorRuntime.js:678:29)"}}
[warn] ⚠  We were unable to load your functions code. (see above) {"metadata":{"emulator":{"name":"functions"}}}
[debug] [2021-03-23T17:20:53.981Z] [worker-~diagnostic~-7c4a3140-3a9a-4fa9-a0a4-0e6f16a44ea6]: exited {"metadata":{"emulator":{"name":"functions"},"message":"[worker-~diagnostic~-7c4a3140-3a9a-4fa9-a0a4-0e6f16a44ea6]: exited"}}
[debug] [2021-03-23T17:20:53.981Z] [worker-~diagnostic~-7c4a3140-3a9a-4fa9-a0a4-0e6f16a44ea6]: FINISHED {"metadata":{"emulator":{"name":"functions"},"message":"[worker-~diagnostic~-7c4a3140-3a9a-4fa9-a0a4-0e6f16a44ea6]: FINISHED"}}
[debug] [2021-03-23T17:20:55.420Z] File /Applications/Ampps/www/FullStack/Projects/amazon-clone/functions/index.js changed, reloading triggers {"metadata":{"emulator":{"name":"functions"},"message":"File /Applications/Ampps/www/FullStack/Projects/amazon-clone/functions/index.js changed, reloading triggers"}}
[debug] [2021-03-23T17:20:55.521Z] File /Applications/Ampps/www/FullStack/Projects/amazon-clone/functions/index.js changed, reloading triggers {"metadata":{"emulator":{"name":"functions"},"message":"File /Applications/Ampps/www/FullStack/Projects/amazon-clone/functions/index.js changed, reloading triggers"}}
[debug] [2021-03-23T17:20:56.525Z] [worker-pool] Cleaned up workers for ~diagnostic~: 1 --> 0 {"metadata":{"emulator":{"name":"functions"},"message":"[worker-pool] Cleaned up workers for ~diagnostic~: 1 --> 0"}}
[debug] [2021-03-23T17:20:56.529Z] [worker-pool] addWorker(~diagnostic~) {"metadata":{"emulator":{"name":"functions"},"message":"[worker-pool] addWorker(~diagnostic~)"}}
[debug] [2021-03-23T17:20:56.530Z] [worker-pool] Adding worker with key ~diagnostic~, total=1 {"metadata":{"emulator":{"name":"functions"},"message":"[worker-pool] Adding worker with key ~diagnostic~, total=1"}}
[debug] [2021-03-23T17:20:56.530Z] [worker-pool] submitWork(triggerId=) {"metadata":{"emulator":{"name":"functions"},"message":"[worker-pool] submitWork(triggerId=)"}}
[debug] [2021-03-23T17:20:56.530Z] [worker-~diagnostic~-37945dd5-a4df-4893-a0c3-bddf1a7a9330]: Assigning socketPath: /var/folders/hd/4z8rhm0d6_x9swk03swc425h0000gp/T/fire_emu_1652.sock {"metadata":{"emulator":{"name":"functions"},"message":"[worker-~diagnostic~-37945dd5-a4df-4893-a0c3-bddf1a7a9330]: Assigning socketPath: /var/folders/hd/4z8rhm0d6_x9swk03swc425h0000gp/T/fire_emu_1652.sock"}}
[debug] [2021-03-23T17:20:56.530Z] [worker-~diagnostic~-37945dd5-a4df-4893-a0c3-bddf1a7a9330]: BUSY {"metadata":{"emulator":{"name":"functions"},"message":"[worker-~diagnostic~-37945dd5-a4df-4893-a0c3-bddf1a7a9330]: BUSY"}}
[debug] [2021-03-23T17:20:56.645Z] [runtime-status] [1652] Functions runtime initialized. {"cwd":"/Applications/Ampps/www/FullStack/Projects/amazon-clone/functions","node_version":"12.18.3"} {"metadata":{"emulator":{"name":"functions"},"message":"[runtime-status] [1652] Functions runtime initialized. {\"cwd\":\"/Applications/Ampps/www/FullStack/Projects/amazon-clone/functions\",\"node_version\":\"12.18.3\"}"}}
[debug] [2021-03-23T17:20:56.645Z] [runtime-status] [1652] Disabled runtime features: undefined {"metadata":{"emulator":{"name":"functions"},"message":"[runtime-status] [1652] Disabled runtime features: undefined"}}
[debug] [2021-03-23T17:20:56.647Z] [runtime-status] [1652] Resolved module firebase-admin {"declared":true,"installed":true,"version":"9.5.0","resolution":"/Applications/Ampps/www/FullStack/Projects/amazon-clone/functions/node_modules/firebase-admin/lib/index.js"} {"metadata":{"emulator":{"name":"functions"},"message":"[runtime-status] [1652] Resolved module firebase-admin {\"declared\":true,\"installed\":true,\"version\":\"9.5.0\",\"resolution\":\"/Applications/Ampps/www/FullStack/Projects/amazon-clone/functions/node_modules/firebase-admin/lib/index.js\"}"}}
[debug] [2021-03-23T17:20:56.648Z] [runtime-status] [1652] Resolved module firebase-functions {"declared":true,"installed":true,"version":"3.13.2","resolution":"/Applications/Ampps/www/FullStack/Projects/amazon-clone/functions/node_modules/firebase-functions/lib/index.js"} {"metadata":{"emulator":{"name":"functions"},"message":"[runtime-status] [1652] Resolved module firebase-functions {\"declared\":true,\"installed\":true,\"version\":\"3.13.2\",\"resolution\":\"/Applications/Ampps/www/FullStack/Projects/amazon-clone/functions/node_modules/firebase-functions/lib/index.js\"}"}}
[debug] [2021-03-23T17:20:56.649Z] [runtime-status] [1652] Resolved module firebase-functions {"declared":true,"installed":true,"version":"3.13.2","resolution":"/Applications/Ampps/www/FullStack/Projects/amazon-clone/functions/node_modules/firebase-functions/lib/index.js"} {"metadata":{"emulator":{"name":"functions"},"message":"[runtime-status] [1652] Resolved module firebase-functions {\"declared\":true,\"installed\":true,\"version\":\"3.13.2\",\"resolution\":\"/Applications/Ampps/www/FullStack/Projects/amazon-clone/functions/node_modules/firebase-functions/lib/index.js\"}"}}
[debug] [2021-03-23T17:20:56.650Z] [runtime-status] [1652] Outgoing network have been stubbed. [{"name":"http","status":"mocked"},{"name":"http","status":"mocked"},{"name":"https","status":"mocked"},{"name":"https","status":"mocked"},{"name":"net","status":"mocked"}] {"metadata":{"emulator":{"name":"functions"},"message":"[runtime-status] [1652] Outgoing network have been stubbed. [{\"name\":\"http\",\"status\":\"mocked\"},{\"name\":\"http\",\"status\":\"mocked\"},{\"name\":\"https\",\"status\":\"mocked\"},{\"name\":\"https\",\"status\":\"mocked\"},{\"name\":\"net\",\"status\":\"mocked\"}]"}}
[debug] [2021-03-23T17:20:56.651Z] [runtime-status] [1652] Resolved module firebase-functions {"declared":true,"installed":true,"version":"3.13.2","resolution":"/Applications/Ampps/www/FullStack/Projects/amazon-clone/functions/node_modules/firebase-functions/lib/index.js"} {"metadata":{"emulator":{"name":"functions"},"message":"[runtime-status] [1652] Resolved module firebase-functions {\"declared\":true,\"installed\":true,\"version\":\"3.13.2\",\"resolution\":\"/Applications/Ampps/www/FullStack/Projects/amazon-clone/functions/node_modules/firebase-functions/lib/index.js\"}"}}
[debug] [2021-03-23T17:20:56.677Z] [runtime-status] [1652] Checked functions.config() {"config":{}} {"metadata":{"emulator":{"name":"functions"},"message":"[runtime-status] [1652] Checked functions.config() {\"config\":{}}"}}
[debug] [2021-03-23T17:20:56.677Z] [runtime-status] [1652] firebase-functions has been stubbed. {"functionsResolution":{"declared":true,"installed":true,"version":"3.13.2","resolution":"/Applications/Ampps/www/FullStack/Projects/amazon-clone/functions/node_modules/firebase-functions/lib/index.js"}} {"metadata":{"emulator":{"name":"functions"},"message":"[runtime-status] [1652] firebase-functions has been stubbed. {\"functionsResolution\":{\"declared\":true,\"installed\":true,\"version\":\"3.13.2\",\"resolution\":\"/Applications/Ampps/www/FullStack/Projects/amazon-clone/functions/node_modules/firebase-functions/lib/index.js\"}}"}}
[debug] [2021-03-23T17:20:56.677Z] [runtime-status] [1652] Resolved module firebase-functions {"declared":true,"installed":true,"version":"3.13.2","resolution":"/Applications/Ampps/www/FullStack/Projects/amazon-clone/functions/node_modules/firebase-functions/lib/index.js"} {"metadata":{"emulator":{"name":"functions"},"message":"[runtime-status] [1652] Resolved module firebase-functions {\"declared\":true,\"installed\":true,\"version\":\"3.13.2\",\"resolution\":\"/Applications/Ampps/www/FullStack/Projects/amazon-clone/functions/node_modules/firebase-functions/lib/index.js\"}"}}
[debug] [2021-03-23T17:20:56.678Z] [runtime-status] [1652] Resolved module firebase-admin {"declared":true,"installed":true,"version":"9.5.0","resolution":"/Applications/Ampps/www/FullStack/Projects/amazon-clone/functions/node_modules/firebase-admin/lib/index.js"} {"metadata":{"emulator":{"name":"functions"},"message":"[runtime-status] [1652] Resolved module firebase-admin {\"declared\":true,\"installed\":true,\"version\":\"9.5.0\",\"resolution\":\"/Applications/Ampps/www/FullStack/Projects/amazon-clone/functions/node_modules/firebase-admin/lib/index.js\"}"}}
[debug] [2021-03-23T17:20:56.678Z] [runtime-status] [1652] Resolved module firebase-functions {"declared":true,"installed":true,"version":"3.13.2","resolution":"/Applications/Ampps/www/FullStack/Projects/amazon-clone/functions/node_modules/firebase-functions/lib/index.js"} {"metadata":{"emulator":{"name":"functions"},"message":"[runtime-status] [1652] Resolved module firebase-functions {\"declared\":true,\"installed\":true,\"version\":\"3.13.2\",\"resolution\":\"/Applications/Ampps/www/FullStack/Projects/amazon-clone/functions/node_modules/firebase-functions/lib/index.js\"}"}}
[debug] [2021-03-23T17:20:56.678Z] [runtime-status] [1652] firebase-admin has been stubbed. {"adminResolution":{"declared":true,"installed":true,"version":"9.5.0","resolution":"/Applications/Ampps/www/FullStack/Projects/amazon-clone/functions/node_modules/firebase-admin/lib/index.js"}} {"metadata":{"emulator":{"name":"functions"},"message":"[runtime-status] [1652] firebase-admin has been stubbed. {\"adminResolution\":{\"declared\":true,\"installed\":true,\"version\":\"9.5.0\",\"resolution\":\"/Applications/Ampps/www/FullStack/Projects/amazon-clone/functions/node_modules/firebase-admin/lib/index.js\"}}"}}
[warn] ⚠  Error: Cannot find module 'stipe'
Require stack:
- /Applications/Ampps/www/FullStack/Projects/amazon-clone/functions/index.js
- /usr/local/lib/node_modules/firebase-tools/lib/emulator/functionsEmulatorRuntime.js
    at Function.Module._resolveFilename (internal/modules/cjs/loader.js:965:15)
    at Function.Module._load (internal/modules/cjs/loader.js:841:27)
    at Module.require (internal/modules/cjs/loader.js:1025:19)
    at require (internal/modules/cjs/helpers.js:72:18)
    at Object.<anonymous> (/Applications/Ampps/www/FullStack/Projects/amazon-clone/functions/index.js:4:16)
    at Module._compile (internal/modules/cjs/loader.js:1137:30)
    at Object.Module._extensions..js (internal/modules/cjs/loader.js:1157:10)
    at Module.load (internal/modules/cjs/loader.js:985:32)
    at Function.Module._load (internal/modules/cjs/loader.js:878:14)
    at Module.require (internal/modules/cjs/loader.js:1025:19) {"metadata":{"emulator":{"name":"functions"},"message":"Error: Cannot find module 'stipe'\nRequire stack:\n- /Applications/Ampps/www/FullStack/Projects/amazon-clone/functions/index.js\n- /usr/local/lib/node_modules/firebase-tools/lib/emulator/functionsEmulatorRuntime.js\n    at Function.Module._resolveFilename (internal/modules/cjs/loader.js:965:15)\n    at Function.Module._load (internal/modules/cjs/loader.js:841:27)\n    at Module.require (internal/modules/cjs/loader.js:1025:19)\n    at require (internal/modules/cjs/helpers.js:72:18)\n    at Object.<anonymous> (/Applications/Ampps/www/FullStack/Projects/amazon-clone/functions/index.js:4:16)\n    at Module._compile (internal/modules/cjs/loader.js:1137:30)\n    at Object.Module._extensions..js (internal/modules/cjs/loader.js:1157:10)\n    at Module.load (internal/modules/cjs/loader.js:985:32)\n    at Function.Module._load (internal/modules/cjs/loader.js:878:14)\n    at Module.require (internal/modules/cjs/loader.js:1025:19)"}}
[warn] ⚠  We were unable to load your functions code. (see above) {"metadata":{"emulator":{"name":"functions"}}}
[debug] [2021-03-23T17:20:56.742Z] [worker-~diagnostic~-37945dd5-a4df-4893-a0c3-bddf1a7a9330]: exited {"metadata":{"emulator":{"name":"functions"},"message":"[worker-~diagnostic~-37945dd5-a4df-4893-a0c3-bddf1a7a9330]: exited"}}
[debug] [2021-03-23T17:20:56.742Z] [worker-~diagnostic~-37945dd5-a4df-4893-a0c3-bddf1a7a9330]: FINISHED {"metadata":{"emulator":{"name":"functions"},"message":"[worker-~diagnostic~-37945dd5-a4df-4893-a0c3-bddf1a7a9330]: FINISHED"}}
[debug] [2021-03-23T17:20:59.983Z] File /Applications/Ampps/www/FullStack/Projects/amazon-clone/functions/index.js changed, reloading triggers {"metadata":{"emulator":{"name":"functions"},"message":"File /Applications/Ampps/www/FullStack/Projects/amazon-clone/functions/index.js changed, reloading triggers"}}
[debug] [2021-03-23T17:21:00.550Z] File /Applications/Ampps/www/FullStack/Projects/amazon-clone/functions/index.js changed, reloading triggers {"metadata":{"emulator":{"name":"functions"},"message":"File /Applications/Ampps/www/FullStack/Projects/amazon-clone/functions/index.js changed, reloading triggers"}}
[debug] [2021-03-23T17:21:01.554Z] [worker-pool] Cleaned up workers for ~diagnostic~: 1 --> 0 {"metadata":{"emulator":{"name":"functions"},"message":"[worker-pool] Cleaned up workers for ~diagnostic~: 1 --> 0"}}
[debug] [2021-03-23T17:21:01.558Z] [worker-pool] addWorker(~diagnostic~) {"metadata":{"emulator":{"name":"functions"},"message":"[worker-pool] addWorker(~diagnostic~)"}}
[debug] [2021-03-23T17:21:01.558Z] [worker-pool] Adding worker with key ~diagnostic~, total=1 {"metadata":{"emulator":{"name":"functions"},"message":"[worker-pool] Adding worker with key ~diagnostic~, total=1"}}
[debug] [2021-03-23T17:21:01.559Z] [worker-pool] submitWork(triggerId=) {"metadata":{"emulator":{"name":"functions"},"message":"[worker-pool] submitWork(triggerId=)"}}
[debug] [2021-03-23T17:21:01.560Z] [worker-~diagnostic~-9dfc74b3-6294-42b8-bb81-6974aeb03024]: Assigning socketPath: /var/folders/hd/4z8rhm0d6_x9swk03swc425h0000gp/T/fire_emu_1660.sock {"metadata":{"emulator":{"name":"functions"},"message":"[worker-~diagnostic~-9dfc74b3-6294-42b8-bb81-6974aeb03024]: Assigning socketPath: /var/folders/hd/4z8rhm0d6_x9swk03swc425h0000gp/T/fire_emu_1660.sock"}}
[debug] [2021-03-23T17:21:01.560Z] [worker-~diagnostic~-9dfc74b3-6294-42b8-bb81-6974aeb03024]: BUSY {"metadata":{"emulator":{"name":"functions"},"message":"[worker-~diagnostic~-9dfc74b3-6294-42b8-bb81-6974aeb03024]: BUSY"}}
[debug] [2021-03-23T17:21:01.688Z] [runtime-status] [1660] Functions runtime initialized. {"cwd":"/Applications/Ampps/www/FullStack/Projects/amazon-clone/functions","node_version":"12.18.3"} {"metadata":{"emulator":{"name":"functions"},"message":"[runtime-status] [1660] Functions runtime initialized. {\"cwd\":\"/Applications/Ampps/www/FullStack/Projects/amazon-clone/functions\",\"node_version\":\"12.18.3\"}"}}
[debug] [2021-03-23T17:21:01.689Z] [runtime-status] [1660] Disabled runtime features: undefined {"metadata":{"emulator":{"name":"functions"},"message":"[runtime-status] [1660] Disabled runtime features: undefined"}}
[debug] [2021-03-23T17:21:01.690Z] [runtime-status] [1660] Resolved module firebase-admin {"declared":true,"installed":true,"version":"9.5.0","resolution":"/Applications/Ampps/www/FullStack/Projects/amazon-clone/functions/node_modules/firebase-admin/lib/index.js"} {"metadata":{"emulator":{"name":"functions"},"message":"[runtime-status] [1660] Resolved module firebase-admin {\"declared\":true,\"installed\":true,\"version\":\"9.5.0\",\"resolution\":\"/Applications/Ampps/www/FullStack/Projects/amazon-clone/functions/node_modules/firebase-admin/lib/index.js\"}"}}
[debug] [2021-03-23T17:21:01.692Z] [runtime-status] [1660] Resolved module firebase-functions {"declared":true,"installed":true,"version":"3.13.2","resolution":"/Applications/Ampps/www/FullStack/Projects/amazon-clone/functions/node_modules/firebase-functions/lib/index.js"} {"metadata":{"emulator":{"name":"functions"},"message":"[runtime-status] [1660] Resolved module firebase-functions {\"declared\":true,\"installed\":true,\"version\":\"3.13.2\",\"resolution\":\"/Applications/Ampps/www/FullStack/Projects/amazon-clone/functions/node_modules/firebase-functions/lib/index.js\"}"}}
[debug] [2021-03-23T17:21:01.692Z] [runtime-status] [1660] Resolved module firebase-functions {"declared":true,"installed":true,"version":"3.13.2","resolution":"/Applications/Ampps/www/FullStack/Projects/amazon-clone/functions/node_modules/firebase-functions/lib/index.js"} {"metadata":{"emulator":{"name":"functions"},"message":"[runtime-status] [1660] Resolved module firebase-functions {\"declared\":true,\"installed\":true,\"version\":\"3.13.2\",\"resolution\":\"/Applications/Ampps/www/FullStack/Projects/amazon-clone/functions/node_modules/firebase-functions/lib/index.js\"}"}}
[debug] [2021-03-23T17:21:01.693Z] [runtime-status] [1660] Outgoing network have been stubbed. [{"name":"http","status":"mocked"},{"name":"http","status":"mocked"},{"name":"https","status":"mocked"},{"name":"https","status":"mocked"},{"name":"net","status":"mocked"}] {"metadata":{"emulator":{"name":"functions"},"message":"[runtime-status] [1660] Outgoing network have been stubbed. [{\"name\":\"http\",\"status\":\"mocked\"},{\"name\":\"http\",\"status\":\"mocked\"},{\"name\":\"https\",\"status\":\"mocked\"},{\"name\":\"https\",\"status\":\"mocked\"},{\"name\":\"net\",\"status\":\"mocked\"}]"}}
[debug] [2021-03-23T17:21:01.694Z] [runtime-status] [1660] Resolved module firebase-functions {"declared":true,"installed":true,"version":"3.13.2","resolution":"/Applications/Ampps/www/FullStack/Projects/amazon-clone/functions/node_modules/firebase-functions/lib/index.js"} {"metadata":{"emulator":{"name":"functions"},"message":"[runtime-status] [1660] Resolved module firebase-functions {\"declared\":true,\"installed\":true,\"version\":\"3.13.2\",\"resolution\":\"/Applications/Ampps/www/FullStack/Projects/amazon-clone/functions/node_modules/firebase-functions/lib/index.js\"}"}}
[debug] [2021-03-23T17:21:01.720Z] [runtime-status] [1660] Checked functions.config() {"config":{}} {"metadata":{"emulator":{"name":"functions"},"message":"[runtime-status] [1660] Checked functions.config() {\"config\":{}}"}}
[debug] [2021-03-23T17:21:01.720Z] [runtime-status] [1660] firebase-functions has been stubbed. {"functionsResolution":{"declared":true,"installed":true,"version":"3.13.2","resolution":"/Applications/Ampps/www/FullStack/Projects/amazon-clone/functions/node_modules/firebase-functions/lib/index.js"}} {"metadata":{"emulator":{"name":"functions"},"message":"[runtime-status] [1660] firebase-functions has been stubbed. {\"functionsResolution\":{\"declared\":true,\"installed\":true,\"version\":\"3.13.2\",\"resolution\":\"/Applications/Ampps/www/FullStack/Projects/amazon-clone/functions/node_modules/firebase-functions/lib/index.js\"}}"}}
[debug] [2021-03-23T17:21:01.720Z] [runtime-status] [1660] Resolved module firebase-functions {"declared":true,"installed":true,"version":"3.13.2","resolution":"/Applications/Ampps/www/FullStack/Projects/amazon-clone/functions/node_modules/firebase-functions/lib/index.js"} {"metadata":{"emulator":{"name":"functions"},"message":"[runtime-status] [1660] Resolved module firebase-functions {\"declared\":true,\"installed\":true,\"version\":\"3.13.2\",\"resolution\":\"/Applications/Ampps/www/FullStack/Projects/amazon-clone/functions/node_modules/firebase-functions/lib/index.js\"}"}}
[debug] [2021-03-23T17:21:01.721Z] [runtime-status] [1660] Resolved module firebase-admin {"declared":true,"installed":true,"version":"9.5.0","resolution":"/Applications/Ampps/www/FullStack/Projects/amazon-clone/functions/node_modules/firebase-admin/lib/index.js"} {"metadata":{"emulator":{"name":"functions"},"message":"[runtime-status] [1660] Resolved module firebase-admin {\"declared\":true,\"installed\":true,\"version\":\"9.5.0\",\"resolution\":\"/Applications/Ampps/www/FullStack/Projects/amazon-clone/functions/node_modules/firebase-admin/lib/index.js\"}"}}
[debug] [2021-03-23T17:21:01.721Z] [runtime-status] [1660] Resolved module firebase-functions {"declared":true,"installed":true,"version":"3.13.2","resolution":"/Applications/Ampps/www/FullStack/Projects/amazon-clone/functions/node_modules/firebase-functions/lib/index.js"} {"metadata":{"emulator":{"name":"functions"},"message":"[runtime-status] [1660] Resolved module firebase-functions {\"declared\":true,\"installed\":true,\"version\":\"3.13.2\",\"resolution\":\"/Applications/Ampps/www/FullStack/Projects/amazon-clone/functions/node_modules/firebase-functions/lib/index.js\"}"}}
[debug] [2021-03-23T17:21:01.721Z] [runtime-status] [1660] firebase-admin has been stubbed. {"adminResolution":{"declared":true,"installed":true,"version":"9.5.0","resolution":"/Applications/Ampps/www/FullStack/Projects/amazon-clone/functions/node_modules/firebase-admin/lib/index.js"}} {"metadata":{"emulator":{"name":"functions"},"message":"[runtime-status] [1660] firebase-admin has been stubbed. {\"adminResolution\":{\"declared\":true,\"installed\":true,\"version\":\"9.5.0\",\"resolution\":\"/Applications/Ampps/www/FullStack/Projects/amazon-clone/functions/node_modules/firebase-admin/lib/index.js\"}}"}}
[warn] ⚠  /Applications/Ampps/www/FullStack/Projects/amazon-clone/functions/index.js:4
const stripe = require("stipe")('sk_test_51IY6UlC1XM3tYf8dm54ukQBn6rtqDybh4lDADB3AON9hq6BPHvvx9cFoI4jp8tpn3IjAngCqvrKWxRxD9c6FMVht00fdVxFjUZ");
                                ^^^^^^^^^^^^^^^^^^^^^^^^^^^^^^^^^^^^^^^^^^^^^^^^^^^^^^^^^^^^^^^^^^^^^^^^^^^^^^^^^^^^^^^^^^^^^^^^^^^^^^^^^^^^^^^

SyntaxError: Invalid or unexpected token
    at wrapSafe (internal/modules/cjs/loader.js:1053:16)
    at Module._compile (internal/modules/cjs/loader.js:1101:27)
    at Object.Module._extensions..js (internal/modules/cjs/loader.js:1157:10)
    at Module.load (internal/modules/cjs/loader.js:985:32)
    at Function.Module._load (internal/modules/cjs/loader.js:878:14)
    at Module.require (internal/modules/cjs/loader.js:1025:19)
    at require (internal/modules/cjs/helpers.js:72:18)
    at initializeRuntime (/usr/local/lib/node_modules/firebase-tools/lib/emulator/functionsEmulatorRuntime.js:678:29)
    at processTicksAndRejections (internal/process/task_queues.js:97:5)
    at async handleMessage (/usr/local/lib/node_modules/firebase-tools/lib/emulator/functionsEmulatorRuntime.js:716:20) {"metadata":{"emulator":{"name":"functions"},"message":"/Applications/Ampps/www/FullStack/Projects/amazon-clone/functions/index.js:4\nconst stripe = require(\"stipe\")('sk_test_51IY6UlC1XM3tYf8dm54ukQBn6rtqDybh4lDADB3AON9hq6BPHvvx9cFoI4jp8tpn3IjAngCqvrKWxRxD9c6FMVht00fdVxFjUZ\");\n                                ^^^^^^^^^^^^^^^^^^^^^^^^^^^^^^^^^^^^^^^^^^^^^^^^^^^^^^^^^^^^^^^^^^^^^^^^^^^^^^^^^^^^^^^^^^^^^^^^^^^^^^^^^^^^^^^\n\nSyntaxError: Invalid or unexpected token\n    at wrapSafe (internal/modules/cjs/loader.js:1053:16)\n    at Module._compile (internal/modules/cjs/loader.js:1101:27)\n    at Object.Module._extensions..js (internal/modules/cjs/loader.js:1157:10)\n    at Module.load (internal/modules/cjs/loader.js:985:32)\n    at Function.Module._load (internal/modules/cjs/loader.js:878:14)\n    at Module.require (internal/modules/cjs/loader.js:1025:19)\n    at require (internal/modules/cjs/helpers.js:72:18)\n    at initializeRuntime (/usr/local/lib/node_modules/firebase-tools/lib/emulator/functionsEmulatorRuntime.js:678:29)\n    at processTicksAndRejections (internal/process/task_queues.js:97:5)\n    at async handleMessage (/usr/local/lib/node_modules/firebase-tools/lib/emulator/functionsEmulatorRuntime.js:716:20)"}}
[warn] ⚠  We were unable to load your functions code. (see above) {"metadata":{"emulator":{"name":"functions"}}}
[debug] [2021-03-23T17:21:01.738Z] [worker-~diagnostic~-9dfc74b3-6294-42b8-bb81-6974aeb03024]: exited {"metadata":{"emulator":{"name":"functions"},"message":"[worker-~diagnostic~-9dfc74b3-6294-42b8-bb81-6974aeb03024]: exited"}}
[debug] [2021-03-23T17:21:01.738Z] [worker-~diagnostic~-9dfc74b3-6294-42b8-bb81-6974aeb03024]: FINISHED {"metadata":{"emulator":{"name":"functions"},"message":"[worker-~diagnostic~-9dfc74b3-6294-42b8-bb81-6974aeb03024]: FINISHED"}}
[debug] [2021-03-23T17:21:03.210Z] File /Applications/Ampps/www/FullStack/Projects/amazon-clone/functions/index.js changed, reloading triggers {"metadata":{"emulator":{"name":"functions"},"message":"File /Applications/Ampps/www/FullStack/Projects/amazon-clone/functions/index.js changed, reloading triggers"}}
[debug] [2021-03-23T17:21:04.213Z] [worker-pool] Cleaned up workers for ~diagnostic~: 1 --> 0 {"metadata":{"emulator":{"name":"functions"},"message":"[worker-pool] Cleaned up workers for ~diagnostic~: 1 --> 0"}}
[debug] [2021-03-23T17:21:04.217Z] [worker-pool] addWorker(~diagnostic~) {"metadata":{"emulator":{"name":"functions"},"message":"[worker-pool] addWorker(~diagnostic~)"}}
[debug] [2021-03-23T17:21:04.217Z] [worker-pool] Adding worker with key ~diagnostic~, total=1 {"metadata":{"emulator":{"name":"functions"},"message":"[worker-pool] Adding worker with key ~diagnostic~, total=1"}}
[debug] [2021-03-23T17:21:04.217Z] [worker-pool] submitWork(triggerId=) {"metadata":{"emulator":{"name":"functions"},"message":"[worker-pool] submitWork(triggerId=)"}}
[debug] [2021-03-23T17:21:04.218Z] [worker-~diagnostic~-04bf7124-81b6-4637-8e1c-9b4631210da4]: Assigning socketPath: /var/folders/hd/4z8rhm0d6_x9swk03swc425h0000gp/T/fire_emu_1668.sock {"metadata":{"emulator":{"name":"functions"},"message":"[worker-~diagnostic~-04bf7124-81b6-4637-8e1c-9b4631210da4]: Assigning socketPath: /var/folders/hd/4z8rhm0d6_x9swk03swc425h0000gp/T/fire_emu_1668.sock"}}
[debug] [2021-03-23T17:21:04.218Z] [worker-~diagnostic~-04bf7124-81b6-4637-8e1c-9b4631210da4]: BUSY {"metadata":{"emulator":{"name":"functions"},"message":"[worker-~diagnostic~-04bf7124-81b6-4637-8e1c-9b4631210da4]: BUSY"}}
[debug] [2021-03-23T17:21:04.335Z] [runtime-status] [1668] Functions runtime initialized. {"cwd":"/Applications/Ampps/www/FullStack/Projects/amazon-clone/functions","node_version":"12.18.3"} {"metadata":{"emulator":{"name":"functions"},"message":"[runtime-status] [1668] Functions runtime initialized. {\"cwd\":\"/Applications/Ampps/www/FullStack/Projects/amazon-clone/functions\",\"node_version\":\"12.18.3\"}"}}
[debug] [2021-03-23T17:21:04.336Z] [runtime-status] [1668] Disabled runtime features: undefined {"metadata":{"emulator":{"name":"functions"},"message":"[runtime-status] [1668] Disabled runtime features: undefined"}}
[debug] [2021-03-23T17:21:04.338Z] [runtime-status] [1668] Resolved module firebase-admin {"declared":true,"installed":true,"version":"9.5.0","resolution":"/Applications/Ampps/www/FullStack/Projects/amazon-clone/functions/node_modules/firebase-admin/lib/index.js"} {"metadata":{"emulator":{"name":"functions"},"message":"[runtime-status] [1668] Resolved module firebase-admin {\"declared\":true,\"installed\":true,\"version\":\"9.5.0\",\"resolution\":\"/Applications/Ampps/www/FullStack/Projects/amazon-clone/functions/node_modules/firebase-admin/lib/index.js\"}"}}
[debug] [2021-03-23T17:21:04.339Z] [runtime-status] [1668] Resolved module firebase-functions {"declared":true,"installed":true,"version":"3.13.2","resolution":"/Applications/Ampps/www/FullStack/Projects/amazon-clone/functions/node_modules/firebase-functions/lib/index.js"} {"metadata":{"emulator":{"name":"functions"},"message":"[runtime-status] [1668] Resolved module firebase-functions {\"declared\":true,\"installed\":true,\"version\":\"3.13.2\",\"resolution\":\"/Applications/Ampps/www/FullStack/Projects/amazon-clone/functions/node_modules/firebase-functions/lib/index.js\"}"}}
[debug] [2021-03-23T17:21:04.340Z] [runtime-status] [1668] Resolved module firebase-functions {"declared":true,"installed":true,"version":"3.13.2","resolution":"/Applications/Ampps/www/FullStack/Projects/amazon-clone/functions/node_modules/firebase-functions/lib/index.js"} {"metadata":{"emulator":{"name":"functions"},"message":"[runtime-status] [1668] Resolved module firebase-functions {\"declared\":true,\"installed\":true,\"version\":\"3.13.2\",\"resolution\":\"/Applications/Ampps/www/FullStack/Projects/amazon-clone/functions/node_modules/firebase-functions/lib/index.js\"}"}}
[debug] [2021-03-23T17:21:04.341Z] [runtime-status] [1668] Outgoing network have been stubbed. [{"name":"http","status":"mocked"},{"name":"http","status":"mocked"},{"name":"https","status":"mocked"},{"name":"https","status":"mocked"},{"name":"net","status":"mocked"}] {"metadata":{"emulator":{"name":"functions"},"message":"[runtime-status] [1668] Outgoing network have been stubbed. [{\"name\":\"http\",\"status\":\"mocked\"},{\"name\":\"http\",\"status\":\"mocked\"},{\"name\":\"https\",\"status\":\"mocked\"},{\"name\":\"https\",\"status\":\"mocked\"},{\"name\":\"net\",\"status\":\"mocked\"}]"}}
[debug] [2021-03-23T17:21:04.341Z] [runtime-status] [1668] Resolved module firebase-functions {"declared":true,"installed":true,"version":"3.13.2","resolution":"/Applications/Ampps/www/FullStack/Projects/amazon-clone/functions/node_modules/firebase-functions/lib/index.js"} {"metadata":{"emulator":{"name":"functions"},"message":"[runtime-status] [1668] Resolved module firebase-functions {\"declared\":true,\"installed\":true,\"version\":\"3.13.2\",\"resolution\":\"/Applications/Ampps/www/FullStack/Projects/amazon-clone/functions/node_modules/firebase-functions/lib/index.js\"}"}}
[debug] [2021-03-23T17:21:04.367Z] [runtime-status] [1668] Checked functions.config() {"config":{}} {"metadata":{"emulator":{"name":"functions"},"message":"[runtime-status] [1668] Checked functions.config() {\"config\":{}}"}}
[debug] [2021-03-23T17:21:04.368Z] [runtime-status] [1668] firebase-functions has been stubbed. {"functionsResolution":{"declared":true,"installed":true,"version":"3.13.2","resolution":"/Applications/Ampps/www/FullStack/Projects/amazon-clone/functions/node_modules/firebase-functions/lib/index.js"}} {"metadata":{"emulator":{"name":"functions"},"message":"[runtime-status] [1668] firebase-functions has been stubbed. {\"functionsResolution\":{\"declared\":true,\"installed\":true,\"version\":\"3.13.2\",\"resolution\":\"/Applications/Ampps/www/FullStack/Projects/amazon-clone/functions/node_modules/firebase-functions/lib/index.js\"}}"}}
[debug] [2021-03-23T17:21:04.368Z] [runtime-status] [1668] Resolved module firebase-functions {"declared":true,"installed":true,"version":"3.13.2","resolution":"/Applications/Ampps/www/FullStack/Projects/amazon-clone/functions/node_modules/firebase-functions/lib/index.js"} {"metadata":{"emulator":{"name":"functions"},"message":"[runtime-status] [1668] Resolved module firebase-functions {\"declared\":true,\"installed\":true,\"version\":\"3.13.2\",\"resolution\":\"/Applications/Ampps/www/FullStack/Projects/amazon-clone/functions/node_modules/firebase-functions/lib/index.js\"}"}}
[debug] [2021-03-23T17:21:04.368Z] [runtime-status] [1668] Resolved module firebase-admin {"declared":true,"installed":true,"version":"9.5.0","resolution":"/Applications/Ampps/www/FullStack/Projects/amazon-clone/functions/node_modules/firebase-admin/lib/index.js"} {"metadata":{"emulator":{"name":"functions"},"message":"[runtime-status] [1668] Resolved module firebase-admin {\"declared\":true,\"installed\":true,\"version\":\"9.5.0\",\"resolution\":\"/Applications/Ampps/www/FullStack/Projects/amazon-clone/functions/node_modules/firebase-admin/lib/index.js\"}"}}
[debug] [2021-03-23T17:21:04.369Z] [runtime-status] [1668] Resolved module firebase-functions {"declared":true,"installed":true,"version":"3.13.2","resolution":"/Applications/Ampps/www/FullStack/Projects/amazon-clone/functions/node_modules/firebase-functions/lib/index.js"} {"metadata":{"emulator":{"name":"functions"},"message":"[runtime-status] [1668] Resolved module firebase-functions {\"declared\":true,\"installed\":true,\"version\":\"3.13.2\",\"resolution\":\"/Applications/Ampps/www/FullStack/Projects/amazon-clone/functions/node_modules/firebase-functions/lib/index.js\"}"}}
[debug] [2021-03-23T17:21:04.369Z] [runtime-status] [1668] firebase-admin has been stubbed. {"adminResolution":{"declared":true,"installed":true,"version":"9.5.0","resolution":"/Applications/Ampps/www/FullStack/Projects/amazon-clone/functions/node_modules/firebase-admin/lib/index.js"}} {"metadata":{"emulator":{"name":"functions"},"message":"[runtime-status] [1668] firebase-admin has been stubbed. {\"adminResolution\":{\"declared\":true,\"installed\":true,\"version\":\"9.5.0\",\"resolution\":\"/Applications/Ampps/www/FullStack/Projects/amazon-clone/functions/node_modules/firebase-admin/lib/index.js\"}}"}}
[warn] ⚠  Error: Cannot find module 'stipe'
Require stack:
- /Applications/Ampps/www/FullStack/Projects/amazon-clone/functions/index.js
- /usr/local/lib/node_modules/firebase-tools/lib/emulator/functionsEmulatorRuntime.js
    at Function.Module._resolveFilename (internal/modules/cjs/loader.js:965:15)
    at Function.Module._load (internal/modules/cjs/loader.js:841:27)
    at Module.require (internal/modules/cjs/loader.js:1025:19)
    at require (internal/modules/cjs/helpers.js:72:18)
    at Object.<anonymous> (/Applications/Ampps/www/FullStack/Projects/amazon-clone/functions/index.js:4:16)
    at Module._compile (internal/modules/cjs/loader.js:1137:30)
    at Object.Module._extensions..js (internal/modules/cjs/loader.js:1157:10)
    at Module.load (internal/modules/cjs/loader.js:985:32)
    at Function.Module._load (internal/modules/cjs/loader.js:878:14)
    at Module.require (internal/modules/cjs/loader.js:1025:19) {"metadata":{"emulator":{"name":"functions"},"message":"Error: Cannot find module 'stipe'\nRequire stack:\n- /Applications/Ampps/www/FullStack/Projects/amazon-clone/functions/index.js\n- /usr/local/lib/node_modules/firebase-tools/lib/emulator/functionsEmulatorRuntime.js\n    at Function.Module._resolveFilename (internal/modules/cjs/loader.js:965:15)\n    at Function.Module._load (internal/modules/cjs/loader.js:841:27)\n    at Module.require (internal/modules/cjs/loader.js:1025:19)\n    at require (internal/modules/cjs/helpers.js:72:18)\n    at Object.<anonymous> (/Applications/Ampps/www/FullStack/Projects/amazon-clone/functions/index.js:4:16)\n    at Module._compile (internal/modules/cjs/loader.js:1137:30)\n    at Object.Module._extensions..js (internal/modules/cjs/loader.js:1157:10)\n    at Module.load (internal/modules/cjs/loader.js:985:32)\n    at Function.Module._load (internal/modules/cjs/loader.js:878:14)\n    at Module.require (internal/modules/cjs/loader.js:1025:19)"}}
[warn] ⚠  We were unable to load your functions code. (see above) {"metadata":{"emulator":{"name":"functions"}}}
[debug] [2021-03-23T17:21:04.434Z] [worker-~diagnostic~-04bf7124-81b6-4637-8e1c-9b4631210da4]: exited {"metadata":{"emulator":{"name":"functions"},"message":"[worker-~diagnostic~-04bf7124-81b6-4637-8e1c-9b4631210da4]: exited"}}
[debug] [2021-03-23T17:21:04.434Z] [worker-~diagnostic~-04bf7124-81b6-4637-8e1c-9b4631210da4]: FINISHED {"metadata":{"emulator":{"name":"functions"},"message":"[worker-~diagnostic~-04bf7124-81b6-4637-8e1c-9b4631210da4]: FINISHED"}}
